2013-03-12 23:52:03 Activity: in current
2013-03-12 23:52:04 Activity: 22
2013-03-12 23:52:04 Activity: 
2013-03-12 23:52:04 Activity: 0
2013-03-12 23:52:04 Activity: 
2013-03-12 23:52:04 Activity: 
2013-03-12 23:52:04 Activity: 
2013-03-12 23:52:04 Activity: 
2013-03-12 23:52:04 Activity: 
2013-03-12 23:52:04 Activity: 
2013-03-12 23:52:04 Activity: 
2013-03-12 23:52:04 Activity: 
2013-03-12 23:52:04 Activity: 
2013-03-12 23:52:04 Activity: 
2013-03-12 23:52:04 Activity: 
2013-03-12 23:52:04 Activity: 
2013-03-12 23:52:04 Activity: 
2013-03-12 23:52:06 Activity: isAuthorized: true
2013-03-12 23:52:06 Activity: 2
2013-03-12 23:52:06 Activity: 3
2013-03-12 23:52:06 Activity: 4
2013-03-12 23:52:09 Activity: 22
2013-03-12 23:52:09 Activity: 
2013-03-12 23:52:09 Activity: 0
2013-03-12 23:52:09 Activity: 
2013-03-12 23:52:09 Activity: 
2013-03-12 23:52:09 Activity: 
2013-03-12 23:52:09 Activity: 
2013-03-12 23:52:09 Activity: 
2013-03-12 23:52:09 Activity: 
2013-03-12 23:52:09 Activity: 
2013-03-12 23:52:09 Activity: 
2013-03-12 23:52:09 Activity: 
2013-03-12 23:52:09 Activity: 
2013-03-12 23:52:09 Activity: 
2013-03-12 23:52:09 Activity: 
2013-03-12 23:52:09 Activity: 
2013-03-12 23:52:52 Activity: 22
2013-03-12 23:52:52 Activity: 
2013-03-12 23:52:52 Activity: 0
2013-03-12 23:52:52 Activity: 
2013-03-12 23:52:52 Activity: 
2013-03-12 23:52:52 Activity: 
2013-03-12 23:52:52 Activity: 
2013-03-12 23:52:52 Activity: 
2013-03-12 23:52:52 Activity: 
2013-03-12 23:52:52 Activity: 
2013-03-12 23:52:52 Activity: 
2013-03-12 23:52:52 Activity: 
2013-03-12 23:52:52 Activity: 
2013-03-12 23:52:52 Activity: 
2013-03-12 23:52:52 Activity: 
2013-03-12 23:52:52 Activity: 
2013-03-12 23:52:56 Activity: isAuthorized: true
2013-03-12 23:52:56 Activity: 2
2013-03-12 23:52:56 Activity: 3
2013-03-12 23:52:56 Activity: 4
2013-03-12 23:54:19 Activity: in current
2013-03-12 23:54:20 Activity: 22
2013-03-12 23:54:20 Activity: 
2013-03-12 23:54:20 Activity: 0
2013-03-12 23:54:20 Activity: 
2013-03-12 23:54:20 Activity: 
2013-03-12 23:54:20 Activity: 
2013-03-12 23:54:20 Activity: 
2013-03-12 23:54:20 Activity: 
2013-03-12 23:54:20 Activity: 
2013-03-12 23:54:20 Activity: 
2013-03-12 23:54:20 Activity: 
2013-03-12 23:54:20 Activity: 
2013-03-12 23:54:20 Activity: 
2013-03-12 23:54:20 Activity: 
2013-03-12 23:54:20 Activity: 
2013-03-12 23:54:20 Activity: 
2013-03-12 23:54:37 Activity: in current
2013-03-12 23:54:48 Activity: in current
2013-03-12 23:54:49 Activity: 22
2013-03-12 23:54:49 Activity: 
2013-03-12 23:54:49 Activity: 0
2013-03-12 23:54:49 Activity: 
2013-03-12 23:54:49 Activity: 
2013-03-12 23:54:49 Activity: 
2013-03-12 23:54:49 Activity: 
2013-03-12 23:54:49 Activity: 
2013-03-12 23:54:49 Activity: 
2013-03-12 23:54:49 Activity: 
2013-03-12 23:54:49 Activity: 
2013-03-12 23:54:49 Activity: 
2013-03-12 23:54:49 Activity: 
2013-03-12 23:54:49 Activity: 
2013-03-12 23:54:49 Activity: 
2013-03-12 23:54:49 Activity: 
2013-03-12 23:55:12 Activity: in current
2013-03-12 23:55:13 Activity: 22
2013-03-12 23:55:13 Activity: 
2013-03-12 23:55:13 Activity: 0
2013-03-12 23:55:13 Activity: 
2013-03-12 23:55:13 Activity: 
2013-03-12 23:55:13 Activity: 
2013-03-12 23:55:13 Activity: 
2013-03-12 23:55:13 Activity: 
2013-03-12 23:55:13 Activity: 
2013-03-12 23:55:13 Activity: 
2013-03-12 23:55:13 Activity: 
2013-03-12 23:55:13 Activity: 
2013-03-12 23:55:13 Activity: 
2013-03-12 23:55:13 Activity: 
2013-03-12 23:55:13 Activity: 
2013-03-12 23:55:13 Activity: 
2013-03-12 23:55:30 Activity: in current
2013-03-12 23:55:31 Activity: 22
2013-03-12 23:55:31 Activity: 
2013-03-12 23:55:31 Activity: 0
2013-03-12 23:55:31 Activity: 
2013-03-12 23:55:31 Activity: 
2013-03-12 23:55:31 Activity: 
2013-03-12 23:55:31 Activity: 
2013-03-12 23:55:31 Activity: 
2013-03-12 23:55:31 Activity: 
2013-03-12 23:55:31 Activity: 
2013-03-12 23:55:31 Activity: 
2013-03-12 23:55:31 Activity: 
2013-03-12 23:55:31 Activity: 
2013-03-12 23:55:31 Activity: 
2013-03-12 23:55:31 Activity: 
2013-03-12 23:55:31 Activity: 
2013-03-12 23:56:25 Activity: in current
2013-03-12 23:56:26 Activity: 22
2013-03-12 23:56:26 Activity: 
2013-03-12 23:56:26 Activity: 0
2013-03-12 23:56:26 Activity: 
2013-03-12 23:56:26 Activity: 
2013-03-12 23:56:26 Activity: 
2013-03-12 23:56:26 Activity: 
2013-03-12 23:56:26 Activity: 
2013-03-12 23:56:26 Activity: 
2013-03-12 23:56:26 Activity: 
2013-03-12 23:56:26 Activity: 
2013-03-12 23:56:26 Activity: 
2013-03-12 23:56:26 Activity: 
2013-03-12 23:56:26 Activity: 
2013-03-12 23:56:26 Activity: 
2013-03-12 23:56:26 Activity: 
2013-03-12 23:56:54 Activity: in current
2013-03-12 23:56:55 Activity: 22
2013-03-12 23:56:55 Activity: 
2013-03-12 23:56:55 Activity: 0
2013-03-12 23:56:55 Activity: 
2013-03-12 23:56:55 Activity: 
2013-03-12 23:56:55 Activity: 
2013-03-12 23:56:55 Activity: 
2013-03-12 23:56:55 Activity: 
2013-03-12 23:56:55 Activity: 
2013-03-12 23:56:55 Activity: 
2013-03-12 23:56:55 Activity: 
2013-03-12 23:56:55 Activity: 
2013-03-12 23:56:55 Activity: 
2013-03-12 23:56:55 Activity: 
2013-03-12 23:56:55 Activity: 
2013-03-12 23:56:55 Activity: 
2013-03-12 23:57:21 Activity: in current
2013-03-12 23:57:22 Activity: 22
2013-03-12 23:57:22 Activity: 
2013-03-12 23:57:22 Activity: 0
2013-03-12 23:57:22 Activity: 
2013-03-12 23:57:22 Activity: 
2013-03-12 23:57:22 Activity: 
2013-03-12 23:57:22 Activity: 
2013-03-12 23:57:22 Activity: 
2013-03-12 23:57:22 Activity: 
2013-03-12 23:57:22 Activity: 
2013-03-12 23:57:22 Activity: 
2013-03-12 23:57:22 Activity: 
2013-03-12 23:57:22 Activity: 
2013-03-12 23:57:22 Activity: 
2013-03-12 23:57:22 Activity: 
2013-03-12 23:57:22 Activity: 
2013-03-12 23:57:30 Activity: in current
2013-03-12 23:57:31 Activity: 22
2013-03-12 23:57:31 Activity: 
2013-03-12 23:57:31 Activity: 0
2013-03-12 23:57:31 Activity: 
2013-03-12 23:57:31 Activity: 
2013-03-12 23:57:31 Activity: 
2013-03-12 23:57:31 Activity: 
2013-03-12 23:57:31 Activity: 
2013-03-12 23:57:31 Activity: 
2013-03-12 23:57:31 Activity: 
2013-03-12 23:57:31 Activity: 
2013-03-12 23:57:31 Activity: 
2013-03-12 23:57:31 Activity: 
2013-03-12 23:57:31 Activity: 
2013-03-12 23:57:31 Activity: 
2013-03-12 23:57:31 Activity: 
2013-03-13 00:50:45 Activity: in current
2013-03-13 00:50:46 Activity: 22
2013-03-13 00:50:46 Activity: 
2013-03-13 00:50:46 Activity: 0
2013-03-13 00:50:46 Activity: 
2013-03-13 00:50:46 Activity: 
2013-03-13 00:50:46 Activity: 
2013-03-13 00:50:46 Activity: 
2013-03-13 00:50:46 Activity: 
2013-03-13 00:50:46 Activity: 
2013-03-13 00:50:46 Activity: 
2013-03-13 00:50:46 Activity: 
2013-03-13 00:50:46 Activity: 
2013-03-13 00:50:46 Activity: 
2013-03-13 00:50:46 Activity: 
2013-03-13 00:50:46 Activity: 
2013-03-13 00:50:46 Activity: 
2013-03-13 00:50:53 Activity: isAuthorized: true
2013-03-13 00:50:53 Activity: 2
2013-03-13 00:50:53 Activity: 3
2013-03-13 00:50:53 Activity: 4
2013-03-13 00:51:25 Activity: in current
2013-03-13 00:51:27 Activity: 22
2013-03-13 00:51:27 Activity: 
2013-03-13 00:51:27 Activity: 0
2013-03-13 00:51:27 Activity: 
2013-03-13 00:51:27 Activity: 
2013-03-13 00:51:27 Activity: 
2013-03-13 00:51:27 Activity: 
2013-03-13 00:51:27 Activity: 
2013-03-13 00:51:27 Activity: 
2013-03-13 00:51:27 Activity: 
2013-03-13 00:51:27 Activity: 
2013-03-13 00:51:27 Activity: 
2013-03-13 00:51:27 Activity: 
2013-03-13 00:51:27 Activity: 
2013-03-13 00:51:27 Activity: 
2013-03-13 00:51:27 Activity: 
2013-03-13 00:51:29 Activity: isAuthorized: true
2013-03-13 00:51:29 Activity: 2
2013-03-13 00:51:29 Activity: 3
2013-03-13 00:51:29 Activity: 4
2013-03-13 00:51:35 Activity: 22
2013-03-13 00:51:35 Activity: 
2013-03-13 00:51:35 Activity: 0
2013-03-13 00:51:35 Activity: 
2013-03-13 00:51:35 Activity: 
2013-03-13 00:51:35 Activity: 
2013-03-13 00:51:35 Activity: 
2013-03-13 00:51:35 Activity: 
2013-03-13 00:51:35 Activity: 
2013-03-13 00:51:35 Activity: 
2013-03-13 00:51:35 Activity: 
2013-03-13 00:51:35 Activity: 
2013-03-13 00:51:35 Activity: 
2013-03-13 00:51:35 Activity: 
2013-03-13 00:51:35 Activity: 
2013-03-13 00:51:35 Activity: 
2013-03-13 00:52:01 Activity: in current
2013-03-13 00:52:02 Activity: 22
2013-03-13 00:52:02 Activity: 
2013-03-13 00:52:02 Activity: 0
2013-03-13 00:52:02 Activity: 
2013-03-13 00:52:02 Activity: 
2013-03-13 00:52:02 Activity: 
2013-03-13 00:52:02 Activity: 
2013-03-13 00:52:02 Activity: 
2013-03-13 00:52:02 Activity: 
2013-03-13 00:52:02 Activity: 
2013-03-13 00:52:02 Activity: 
2013-03-13 00:52:02 Activity: 
2013-03-13 00:52:02 Activity: 
2013-03-13 00:52:02 Activity: 
2013-03-13 00:52:02 Activity: 
2013-03-13 00:52:02 Activity: 
2013-03-13 00:52:04 Activity: isAuthorized: true
2013-03-13 00:52:04 Activity: 2
2013-03-13 00:52:04 Activity: 3
2013-03-13 00:52:04 Activity: 4
2013-03-13 00:52:29 Activity: isAuthorized: true
2013-03-13 00:52:29 Activity: isAuthorized: true
2013-03-13 00:52:29 Activity: 2
2013-03-13 00:52:29 Activity: 3
2013-03-13 00:52:29 Activity: 4
2013-03-13 00:52:38 Activity: isAuthorized: true
2013-03-13 00:52:41 Activity: 22
2013-03-13 00:52:41 Activity: 
2013-03-13 00:52:41 Activity: 0
2013-03-13 00:52:41 Activity: 
2013-03-13 00:52:41 Activity: 
2013-03-13 00:52:41 Activity: 
2013-03-13 00:52:41 Activity: 
2013-03-13 00:52:41 Activity: 
2013-03-13 00:52:41 Activity: 
2013-03-13 00:52:41 Activity: 
2013-03-13 00:52:41 Activity: 
2013-03-13 00:52:41 Activity: 
2013-03-13 00:52:41 Activity: 
2013-03-13 00:52:41 Activity: 
2013-03-13 00:52:41 Activity: 
2013-03-13 00:52:41 Activity: 
2013-03-13 00:52:41 Activity: 
2013-03-13 00:52:50 Activity: 22
2013-03-13 00:52:50 Activity: 
2013-03-13 00:52:50 Activity: 0
2013-03-13 00:52:50 Activity: 
2013-03-13 00:52:50 Activity: 
2013-03-13 00:52:50 Activity: 
2013-03-13 00:52:50 Activity: 
2013-03-13 00:52:50 Activity: 
2013-03-13 00:52:50 Activity: 
2013-03-13 00:52:50 Activity: 
2013-03-13 00:52:50 Activity: 
2013-03-13 00:52:50 Activity: 
2013-03-13 00:52:50 Activity: 
2013-03-13 00:52:50 Activity: 
2013-03-13 00:52:50 Activity: 
2013-03-13 00:52:50 Activity: 
2013-03-13 00:52:50 Activity: 
2013-03-13 00:53:11 Activity: isAuthorized: true
2013-03-13 00:53:32 Activity: isAuthorized: true
2013-03-13 00:55:32 Activity: isAuthorized: true
2013-03-13 00:55:54 Activity: isAuthorized: true
2013-03-13 00:55:58 Activity: isAuthorized: true
2013-03-13 00:56:44 Activity: 22
2013-03-13 00:56:44 Activity: 
2013-03-13 00:56:44 Activity: 0
2013-03-13 00:56:44 Activity: 
2013-03-13 00:56:44 Activity: 
2013-03-13 00:56:44 Activity: 
2013-03-13 00:56:44 Activity: 
2013-03-13 00:56:44 Activity: 
2013-03-13 00:56:44 Activity: 
2013-03-13 00:56:44 Activity: 
2013-03-13 00:56:44 Activity: 
2013-03-13 00:56:44 Activity: 
2013-03-13 00:56:44 Activity: 
2013-03-13 00:56:44 Activity: 
2013-03-13 00:56:44 Activity: 
2013-03-13 00:56:44 Activity: 
2013-03-13 00:56:44 Activity: 
2013-03-13 00:56:44 Activity: 
2013-03-13 00:56:44 Activity: 
2013-03-13 00:57:44 Activity: isAuthorized: true
2013-03-13 00:57:48 Activity: 22
2013-03-13 00:57:48 Activity: 
2013-03-13 00:57:48 Activity: 0
2013-03-13 00:57:48 Activity: 
2013-03-13 00:57:48 Activity: 
2013-03-13 00:57:48 Activity: 
2013-03-13 00:57:48 Activity: 
2013-03-13 00:57:48 Activity: 
2013-03-13 00:57:48 Activity: 
2013-03-13 00:57:48 Activity: 
2013-03-13 00:57:48 Activity: 
2013-03-13 00:57:48 Activity: 
2013-03-13 00:57:48 Activity: 
2013-03-13 00:57:48 Activity: 
2013-03-13 00:57:48 Activity: 
2013-03-13 00:57:48 Activity: 
2013-03-13 00:57:48 Activity: 
2013-03-13 00:57:48 Activity: 
2013-03-13 00:57:48 Activity: 27
2013-03-13 01:00:40 Activity: in current
2013-03-13 01:00:43 Activity: 22
2013-03-13 01:00:43 Activity: 
2013-03-13 01:00:43 Activity: 0
2013-03-13 01:00:43 Activity: 
2013-03-13 01:00:43 Activity: 
2013-03-13 01:00:43 Activity: 
2013-03-13 01:00:43 Activity: 
2013-03-13 01:00:43 Activity: 
2013-03-13 01:00:43 Activity: 
2013-03-13 01:00:43 Activity: 
2013-03-13 01:00:43 Activity: 
2013-03-13 01:00:43 Activity: 
2013-03-13 01:00:43 Activity: 
2013-03-13 01:00:43 Activity: 
2013-03-13 01:00:43 Activity: 
2013-03-13 01:00:43 Activity: 
2013-03-13 01:00:43 Activity: 
2013-03-13 01:00:43 Activity: 
2013-03-13 01:00:43 Activity: 27
2013-03-13 01:01:10 Activity: isAuthorized: true
2013-03-13 01:01:10 Activity: 2
2013-03-13 01:01:10 Activity: 3
2013-03-13 01:01:10 Activity: 4
2013-03-13 01:01:35 Activity: in current
2013-03-13 01:01:36 Activity: 22
2013-03-13 01:01:36 Activity: 
2013-03-13 01:01:36 Activity: 0
2013-03-13 01:01:36 Activity: 
2013-03-13 01:01:36 Activity: 
2013-03-13 01:01:36 Activity: 
2013-03-13 01:01:36 Activity: 
2013-03-13 01:01:37 Activity: 
2013-03-13 01:01:37 Activity: 
2013-03-13 01:01:37 Activity: 
2013-03-13 01:01:37 Activity: 
2013-03-13 01:01:37 Activity: 
2013-03-13 01:01:37 Activity: 
2013-03-13 01:01:37 Activity: 
2013-03-13 01:01:37 Activity: 
2013-03-13 01:01:37 Activity: 
2013-03-13 01:01:37 Activity: 
2013-03-13 01:01:37 Activity: 
2013-03-13 01:01:37 Activity: 27
2013-03-13 01:01:41 Activity: isAuthorized: true
2013-03-13 01:01:41 Activity: 2
2013-03-13 01:01:41 Activity: 3
2013-03-13 01:01:41 Activity: 4
2013-03-13 01:01:45 Activity: 22
2013-03-13 01:01:45 Activity: 
2013-03-13 01:01:45 Activity: 0
2013-03-13 01:01:45 Activity: 
2013-03-13 01:01:45 Activity: 
2013-03-13 01:01:45 Activity: 
2013-03-13 01:01:45 Activity: 
2013-03-13 01:01:45 Activity: 
2013-03-13 01:01:45 Activity: 
2013-03-13 01:01:45 Activity: 
2013-03-13 01:01:45 Activity: 
2013-03-13 01:01:45 Activity: 
2013-03-13 01:01:45 Activity: 
2013-03-13 01:01:45 Activity: 
2013-03-13 01:01:45 Activity: 
2013-03-13 01:01:45 Activity: 
2013-03-13 01:01:45 Activity: 
2013-03-13 01:01:45 Activity: 
2013-03-13 01:01:45 Activity: 27
2013-03-13 01:02:03 Activity: isAuthorized: true
2013-03-13 01:02:05 Activity: 22
2013-03-13 01:02:06 Activity: 
2013-03-13 01:02:06 Activity: 0
2013-03-13 01:02:06 Activity: 
2013-03-13 01:02:06 Activity: 
2013-03-13 01:02:06 Activity: 
2013-03-13 01:02:06 Activity: 
2013-03-13 01:02:06 Activity: 
2013-03-13 01:02:06 Activity: 
2013-03-13 01:02:06 Activity: 
2013-03-13 01:02:06 Activity: 
2013-03-13 01:02:06 Activity: 
2013-03-13 01:02:06 Activity: 
2013-03-13 01:02:06 Activity: 
2013-03-13 01:02:06 Activity: 
2013-03-13 01:02:06 Activity: 
2013-03-13 01:02:06 Activity: 
2013-03-13 01:02:06 Activity: 
2013-03-13 01:02:06 Activity: 27
2013-03-13 01:02:06 Activity: 
2013-03-13 01:02:48 Activity: 22
2013-03-13 01:02:48 Activity: 
2013-03-13 01:02:48 Activity: 0
2013-03-13 01:02:48 Activity: 
2013-03-13 01:02:48 Activity: 
2013-03-13 01:02:48 Activity: 
2013-03-13 01:02:48 Activity: 
2013-03-13 01:02:48 Activity: 
2013-03-13 01:02:48 Activity: 
2013-03-13 01:02:48 Activity: 
2013-03-13 01:02:48 Activity: 
2013-03-13 01:02:48 Activity: 
2013-03-13 01:02:48 Activity: 
2013-03-13 01:02:48 Activity: 
2013-03-13 01:02:48 Activity: 
2013-03-13 01:02:48 Activity: 
2013-03-13 01:02:48 Activity: 
2013-03-13 01:02:48 Activity: 
2013-03-13 01:02:48 Activity: 27
2013-03-13 01:02:48 Activity: 
2013-03-13 01:09:18 Activity: isAuthorized: true
2013-03-13 01:09:26 Activity: isAuthorized: true
2013-03-13 01:24:31 Activity: in current
2013-03-13 01:24:43 Activity: 22
2013-03-13 01:24:43 Activity: 
2013-03-13 01:24:43 Activity: 0
2013-03-13 01:24:43 Activity: 
2013-03-13 01:24:43 Activity: 
2013-03-13 01:24:43 Activity: 
2013-03-13 01:24:43 Activity: 
2013-03-13 01:24:43 Activity: 
2013-03-13 01:24:43 Activity: 
2013-03-13 01:24:43 Activity: 
2013-03-13 01:24:43 Activity: 
2013-03-13 01:24:43 Activity: 
2013-03-13 01:24:43 Activity: 
2013-03-13 01:24:43 Activity: 
2013-03-13 01:24:43 Activity: 
2013-03-13 01:24:43 Activity: 
2013-03-13 01:24:43 Activity: 
2013-03-13 01:24:43 Activity: 
2013-03-13 01:24:43 Activity: 27
2013-03-13 01:24:43 Activity: 
2013-03-13 01:25:00 Activity: in current
2013-03-13 01:25:01 Activity: isAuthorized: true
2013-03-13 01:25:15 Activity: in current
2013-03-13 01:25:16 Activity: isAuthorized: true
2013-03-13 01:25:43 Activity: in current
2013-03-13 01:25:45 Activity: isAuthorized: true
2013-03-13 01:27:22 Activity: in current
2013-03-13 01:27:23 Activity: isAuthorized: true
2013-03-13 01:27:38 Activity: 22
2013-03-13 01:27:38 Activity: 
2013-03-13 01:27:38 Activity: 0
2013-03-13 01:27:38 Activity: 
2013-03-13 01:27:38 Activity: 
2013-03-13 01:27:38 Activity: 
2013-03-13 01:27:38 Activity: 
2013-03-13 01:27:39 Activity: 
2013-03-13 01:27:39 Activity: 
2013-03-13 01:27:39 Activity: 
2013-03-13 01:27:39 Activity: 
2013-03-13 01:27:39 Activity: 
2013-03-13 01:27:39 Activity: 
2013-03-13 01:27:39 Activity: 
2013-03-13 01:27:39 Activity: 
2013-03-13 01:27:39 Activity: 
2013-03-13 01:27:39 Activity: 
2013-03-13 01:27:39 Activity: 
2013-03-13 01:27:39 Activity: 27
2013-03-13 01:27:39 Activity: 
2013-03-13 01:27:51 Activity: in current
2013-03-13 01:27:52 Activity: isAuthorized: true
2013-03-13 01:28:40 Activity: in current
2013-03-13 01:28:41 Activity: isAuthorized: true
2013-03-13 01:28:58 Activity: in current
2013-03-13 01:29:00 Activity: isAuthorized: true
2013-03-13 01:29:34 Activity: in current
2013-03-13 01:29:46 Activity: isAuthorized: true
2013-03-13 01:29:53 Activity: isAuthorized: true
2013-03-13 01:29:56 Activity: isAuthorized: true
2013-03-13 01:35:09 Activity: in current
2013-03-13 01:35:10 Activity: isAuthorized: true
2013-03-13 01:35:14 Activity: isAuthorized: true
2013-03-13 01:35:16 Activity: isAuthorized: true
2013-03-13 01:35:33 Activity: isAuthorized: true
2013-03-13 01:37:22 Activity: isAuthorized: true
2013-03-13 01:37:25 Activity: isAuthorized: true
2013-03-13 01:37:27 Activity: isAuthorized: true
2013-03-13 01:37:33 Activity: isAuthorized: true
2013-03-13 01:38:14 Activity: in current
2013-03-13 01:38:25 Activity: isAuthorized: true
2013-03-13 01:38:29 Activity: isAuthorized: true
2013-03-13 01:39:31 Activity: in current
2013-03-13 01:39:32 Activity: isAuthorized: true
2013-03-13 01:39:35 Activity: isAuthorized: true
2013-03-13 01:39:37 Activity: isAuthorized: true
2013-03-13 01:39:41 Activity: 22
2013-03-13 01:39:41 Activity: 
2013-03-13 01:39:41 Activity: 0
2013-03-13 01:39:41 Activity: 
2013-03-13 01:39:41 Activity: 
2013-03-13 01:39:41 Activity: 
2013-03-13 01:39:41 Activity: 
2013-03-13 01:39:41 Activity: 
2013-03-13 01:39:41 Activity: 
2013-03-13 01:39:41 Activity: 
2013-03-13 01:39:41 Activity: 
2013-03-13 01:39:41 Activity: 
2013-03-13 01:39:41 Activity: 
2013-03-13 01:39:41 Activity: 
2013-03-13 01:39:41 Activity: 
2013-03-13 01:39:41 Activity: 
2013-03-13 01:39:41 Activity: 
2013-03-13 01:39:41 Activity: 
2013-03-13 01:39:41 Activity: 27
2013-03-13 01:39:41 Activity: 
2013-03-13 01:41:20 Activity: isAuthorized: true
2013-03-13 01:41:21 Activity: 22
2013-03-13 01:41:21 Activity: 
2013-03-13 01:41:21 Activity: 0
2013-03-13 01:41:21 Activity: 
2013-03-13 01:41:21 Activity: 
2013-03-13 01:41:21 Activity: 
2013-03-13 01:41:21 Activity: 
2013-03-13 01:41:21 Activity: 
2013-03-13 01:41:21 Activity: 
2013-03-13 01:41:21 Activity: 
2013-03-13 01:41:21 Activity: 
2013-03-13 01:41:21 Activity: 
2013-03-13 01:41:21 Activity: 
2013-03-13 01:41:21 Activity: 
2013-03-13 01:41:21 Activity: 
2013-03-13 01:41:21 Activity: 
2013-03-13 01:41:21 Activity: 
2013-03-13 01:41:21 Activity: 
2013-03-13 01:41:21 Activity: 27
2013-03-13 01:41:21 Activity: 
2013-03-14 05:39:58 Activity: in current
2013-03-14 05:40:08 Activity: in current
2013-03-14 05:40:10 Activity: in current
2013-03-14 05:40:17 Activity: isAuthorized: true
2013-03-14 05:40:17 Activity: in current
2013-03-14 21:39:55 Activity: in current
2013-03-14 21:40:16 Activity: in current
2013-03-14 21:40:55 Activity: in current
2013-03-14 21:41:41 Activity: in current
2013-03-14 21:41:55 Activity: in current
2013-03-14 21:42:00 Activity: in current
2013-03-14 21:42:40 Activity: in current
2013-03-14 21:43:06 Activity: in current
2013-03-16 14:56:09 Activity: in current
2013-03-16 14:56:39 Activity: in current
2013-03-16 14:56:54 Activity: in current
2013-03-16 14:57:00 Activity: in current
2013-03-16 14:59:46 Activity: in current
2013-03-16 15:00:38 Activity: in current
2013-03-16 15:01:46 Activity: in current
2013-03-16 15:05:22 Activity: in current
2013-03-16 15:05:43 Activity: in current
2013-03-16 15:05:44 Activity: in current
2013-03-16 15:06:00 Activity: in current
2013-03-16 15:06:01 Activity: in current
2013-03-16 15:06:07 Activity: isAuthorized: true
2013-03-16 15:06:07 Activity: in current
2013-03-16 15:06:12 Activity: in current
2013-03-16 15:07:49 Activity: isAuthorized: true
2013-03-16 15:07:50 Activity: in current
2013-03-16 15:08:28 Activity: in current
2013-03-16 15:08:32 Activity: isAuthorized: true
2013-03-16 15:08:32 Activity: in current
2013-03-16 15:08:36 Activity: in current
2013-03-16 15:08:40 Activity: in current
2013-03-16 15:08:52 Activity: in current
2013-03-16 15:08:55 Activity: in current
2013-03-16 15:09:08 Activity: in current
2013-03-16 15:09:14 Activity: in current
2013-03-17 07:26:52 Activity: in current
2013-03-17 07:46:45 Activity: in current
2013-03-17 07:46:48 Activity: in current
2013-03-17 08:15:43 Activity: in current
2013-03-17 08:55:51 Activity: in current
2013-03-17 08:55:53 Activity: in current
2013-03-17 08:56:02 Activity: in current
2013-03-17 08:57:11 Activity: in current
2013-03-17 08:57:16 Activity: in current
2013-03-17 09:02:35 Activity: in current
2013-03-17 09:07:05 Activity: in current
2013-03-17 09:10:04 Activity: in current
2013-03-17 09:10:13 Activity: in current
2013-03-17 09:11:03 Activity: in current
2013-03-17 09:11:24 Activity: in current
2013-03-17 09:11:28 Activity: isAuthorized: true
2013-03-17 09:11:39 Activity: isAuthorized: true
2013-03-17 09:16:41 Activity: isAuthorized: true
2013-03-17 09:16:41 Activity: in current
2013-03-17 09:19:21 Activity: in current
2013-03-17 09:20:27 Activity: in current
2013-03-17 09:21:08 Activity: in current
2013-03-17 09:21:12 Activity: isAuthorized: true
2013-03-17 09:21:12 Activity: in current
2013-03-17 09:23:22 Activity: isAuthorized: true
2013-03-17 09:23:23 Activity: in current
2013-03-17 09:24:56 Activity: isAuthorized: true
2013-03-17 09:24:56 Activity: in current
2013-03-17 09:29:03 Activity: isAuthorized: true
2013-03-17 09:29:03 Activity: in current
2013-03-17 09:32:20 Activity: isAuthorized: true
2013-03-17 09:32:20 Activity: in current
2013-03-17 09:33:13 Activity: isAuthorized: true
2013-03-17 09:33:13 Activity: in current
2013-03-17 09:34:16 Activity: isAuthorized: true
2013-03-17 09:34:16 Activity: in current
2013-03-17 09:35:47 Activity: isAuthorized: true
2013-03-17 09:35:47 Activity: in current
2013-03-17 09:36:16 Activity: isAuthorized: true
2013-03-17 09:36:16 Activity: in current
2013-03-17 09:36:58 Activity: isAuthorized: true
2013-03-17 09:36:58 Activity: in current
2013-03-17 09:39:16 Activity: isAuthorized: true
2013-03-17 09:39:16 Activity: in current
2013-03-17 09:40:07 Activity: isAuthorized: true
2013-03-17 09:40:07 Activity: in current
2013-03-17 11:53:21 Activity: in current
2013-03-17 11:53:26 Activity: in current
2013-03-17 11:53:40 Activity: in current
2013-03-17 11:58:27 Activity: in current
2013-03-17 12:00:26 Activity: in current
2013-03-17 12:49:22 Activity: in current
2013-03-17 12:50:55 Activity: in current
2013-03-17 12:50:57 Activity: in current
2013-03-17 12:57:49 Activity: in current
2013-03-17 12:58:13 Activity: in current
2013-03-17 12:58:16 Activity: isAuthorized: true
2013-03-17 12:58:16 Activity: in current
2013-03-17 12:58:47 Activity: in current
2013-03-17 13:37:02 Activity: in current
2013-03-17 13:37:04 Activity: in current
2013-03-17 13:52:21 Activity: in current
2013-03-18 23:04:09 Activity: in current
2013-03-18 23:04:13 Activity: in current
2013-03-18 23:05:01 Activity: in current
2013-03-18 23:05:31 Activity: in current
2013-03-18 23:06:59 Activity: in current
2013-03-18 23:07:13 Activity: in current
2013-03-18 23:39:45 Activity: in current
2013-03-18 23:39:47 Activity: in current
2013-03-18 23:39:52 Activity: in current
2013-03-18 23:40:28 Activity: in current
2013-03-18 23:42:41 Activity: in current
2013-03-18 23:53:43 Activity: in current
2013-03-18 23:54:04 Activity: in current
2013-03-19 01:49:39 Activity: in current
2013-03-19 01:50:02 Activity: in current
2013-03-19 01:50:04 Activity: 22
2013-03-19 01:50:04 Activity: 
2013-03-19 01:50:04 Activity: 0
2013-03-19 01:50:04 Activity: 
2013-03-19 01:50:04 Activity: 
2013-03-19 01:50:04 Activity: 
2013-03-19 01:50:04 Activity: 
2013-03-19 01:50:04 Activity: 
2013-03-19 01:50:04 Activity: 
2013-03-19 01:50:04 Activity: 
2013-03-19 01:50:04 Activity: 
2013-03-19 01:50:04 Activity: 
2013-03-19 01:50:04 Activity: 
2013-03-19 01:50:04 Activity: 
2013-03-19 01:50:04 Activity: 
2013-03-19 01:50:04 Activity: 
2013-03-19 01:50:04 Activity: 
2013-03-19 01:50:04 Activity: 
2013-03-19 01:50:04 Activity: 27
2013-03-19 01:50:04 Activity: 
2013-03-19 01:50:18 Activity: in current
2013-03-19 01:50:19 Activity: 22
2013-03-19 01:50:19 Activity: 
2013-03-19 01:50:19 Activity: 0
2013-03-19 01:50:19 Activity: 
2013-03-19 01:50:19 Activity: 
2013-03-19 01:50:19 Activity: 
2013-03-19 01:50:19 Activity: 
2013-03-19 01:50:19 Activity: 
2013-03-19 01:50:19 Activity: 
2013-03-19 01:50:19 Activity: 
2013-03-19 01:50:19 Activity: 
2013-03-19 01:50:19 Activity: 
2013-03-19 01:50:19 Activity: 
2013-03-19 01:50:19 Activity: 
2013-03-19 01:50:19 Activity: 
2013-03-19 01:50:19 Activity: 
2013-03-19 01:50:19 Activity: 
2013-03-19 01:50:19 Activity: 
2013-03-19 01:50:19 Activity: 27
2013-03-19 01:50:19 Activity: 
2013-03-19 01:50:56 Activity: in current
2013-03-19 01:52:31 Activity: in current
2013-03-19 01:53:34 Activity: in current
2013-03-19 01:54:05 Activity: in current
2013-03-19 01:54:40 Activity: in current
2013-03-19 01:55:42 Activity: in current
2013-03-19 01:57:49 Activity: in current
2013-03-19 01:58:42 Activity: in current
2013-03-19 02:05:06 Activity: in current
2013-03-19 02:05:34 Activity: in current
2013-03-19 02:28:19 Activity: in current
2013-03-19 02:34:22 Activity: in current
2013-03-19 02:50:07 Activity: in current
2013-03-19 02:50:10 Activity: in current
2013-03-19 03:00:21 Activity: in current
2013-03-19 03:00:23 Activity: in current
2013-03-19 03:04:28 Activity: in current
2013-03-19 03:04:41 Activity: in current
2013-03-19 03:15:05 Activity: in current
2013-03-19 03:15:07 Activity: in current
2013-03-19 03:16:09 Activity: in current
2013-03-19 03:32:02 Activity: in current
2013-03-19 03:33:12 Activity: in current
2013-03-19 03:35:15 Activity: in current
2013-03-19 03:35:17 Activity: in current
2013-03-19 03:46:07 Activity: in current
2013-03-19 04:28:34 Activity: in current
2013-03-19 06:07:17 Activity: in current
2013-03-19 06:08:20 Activity: in current
2013-03-19 06:15:06 Activity: in current
2013-03-19 06:15:59 Activity: in current
2013-03-19 06:23:24 Activity: in current
2013-03-19 06:26:27 Activity: in current
2013-03-19 06:30:49 Activity: in current
2013-03-19 06:32:20 Activity: in current
2013-03-19 06:32:32 Activity: in current
2013-03-19 06:43:32 Activity: in current
2013-03-19 06:44:01 Activity: in current
2013-03-19 06:48:20 Activity: in current
2013-03-19 06:48:36 Activity: in current
2013-03-19 06:59:31 Activity: in current
2013-03-19 07:01:37 Activity: in current
2013-03-19 07:05:05 Activity: in current
2013-03-19 07:19:44 Activity: in current
2013-03-19 07:38:50 Activity: in current
2013-03-19 07:39:07 Activity: in current
2013-03-19 07:39:43 Activity: in current
2013-03-19 07:49:50 Activity: in current
2013-03-19 07:52:20 Activity: in current
2013-03-19 07:57:45 Activity: in current
2013-03-19 07:59:09 Activity: in current
2013-03-19 07:59:17 Activity: in current
2013-03-19 08:01:21 Activity: in current
2013-03-19 08:03:07 Activity: in current
2013-03-19 08:16:36 Activity: in current
2013-03-19 08:16:45 Activity: in current
2013-03-19 08:17:26 Activity: in current
2013-03-19 08:26:29 Activity: in current
2013-03-19 08:36:25 Activity: in current
2013-03-19 09:34:33 Activity: in current
2013-03-19 09:34:36 Activity: in current
2013-03-19 09:35:39 Activity: in current
2013-03-19 09:35:58 Activity: in current
2013-03-19 09:36:53 Activity: in current
2013-03-19 09:37:17 Activity: in current
2013-03-19 09:37:31 Activity: in current
2013-03-19 09:38:30 Activity: in current
2013-03-19 10:15:30 Activity: in current
2013-03-19 10:15:50 Activity: in current
2013-03-19 10:17:25 Activity: in current
2013-03-19 10:19:25 Activity: in current
2013-03-19 12:39:08 Activity: in current
2013-03-19 14:33:25 Activity: in current
2013-03-19 14:35:46 Activity: in current
2013-03-19 14:36:00 Activity: isAuthorized: true
2013-03-19 14:37:21 Activity: isAuthorized: true
2013-03-19 14:37:43 Activity: in current
2013-03-19 14:38:05 Activity: in current
2013-03-19 14:38:16 Activity: in current
2013-03-19 14:38:18 Activity: in current
2013-03-19 14:38:19 Activity: in current
2013-03-19 14:38:21 Activity: in current
2013-03-19 14:38:23 Activity: in current
2013-03-19 14:38:24 Activity: in current
2013-03-19 14:38:26 Activity: in current
2013-03-19 14:38:43 Activity: isAuthorized: true
2013-03-19 22:30:35 Activity: in current
2013-03-19 22:31:34 Activity: in current
2013-03-19 22:31:52 Activity: in current
2013-03-19 22:32:22 Activity: in current
2013-03-19 22:33:25 Activity: in current
2013-03-19 22:34:01 Activity: in current
2013-03-19 22:35:22 Activity: in current
2013-03-19 22:35:36 Activity: in current
2013-03-19 22:38:13 Activity: in current
2013-03-19 22:39:44 Activity: in current
2013-03-19 22:41:02 Activity: in current
2013-03-19 22:41:18 Activity: in current
2013-03-19 22:45:11 Activity: in current
2013-03-19 22:45:31 Activity: in current
2013-03-19 22:46:08 Activity: in current
2013-03-19 22:46:58 Activity: in current
2013-03-19 23:13:29 Activity: in current
2013-03-19 23:14:06 Activity: in current
2013-03-19 23:15:40 Activity: in current
2013-03-19 23:19:18 Activity: in current
2013-03-19 23:25:37 Activity: in current
2013-03-19 23:26:28 Activity: in current
2013-03-19 23:26:52 Activity: in current
2013-03-19 23:27:56 Activity: in current
2013-03-19 23:29:44 Activity: in current
2013-03-19 23:41:32 Activity: in current
2013-03-19 23:41:44 Activity: in current
2013-03-19 23:43:00 Activity: in current
2013-03-19 23:51:09 Activity: in current
2013-03-19 23:54:30 Activity: in current
2013-03-19 23:58:00 Activity: in current
2013-03-19 23:58:48 Activity: in current
2013-03-19 23:59:01 Activity: in current
2013-03-20 12:08:27 Activity: in current
2013-03-20 12:08:29 Activity: in current
2013-03-20 12:08:33 Activity: in current
2013-03-20 12:32:12 Activity: in current
2013-03-20 12:32:14 Activity: in current
2013-03-20 12:32:41 Activity: in current
2013-03-21 10:17:28 Activity: in current
2013-03-21 10:17:56 Activity: in current
2013-03-21 10:18:41 Activity: in current
2013-03-21 10:18:44 Activity: in current
2013-03-21 10:21:26 Activity: in current
2013-03-21 10:24:06 Activity: in current
2013-03-21 10:24:10 Activity: in current
2013-03-21 10:27:12 Activity: in current
2013-03-21 10:34:13 Activity: in current
2013-03-21 10:34:17 Activity: in current
2013-03-21 10:34:39 Activity: in current
2013-03-21 10:34:41 Activity: in current
2013-03-21 10:41:53 Activity: in current
2013-03-21 10:47:42 Activity: in current
2013-03-21 11:04:16 Activity: in current
2013-03-21 11:07:01 Activity: in current
2013-03-21 11:09:36 Activity: in current
2013-03-21 11:10:17 Activity: in current
2013-03-21 11:10:46 Activity: in current
2013-03-21 11:14:25 Activity: in current
2013-03-21 11:14:30 Activity: in current
2013-03-21 11:14:36 Activity: in current
2013-03-21 11:14:40 Activity: in current
2013-03-21 11:14:43 Activity: in current
2013-03-21 11:15:04 Activity: in current
2013-03-21 11:16:26 Activity: in current
2013-03-21 11:16:29 Activity: in current
2013-03-21 11:16:46 Activity: in current
2013-03-21 11:19:42 Activity: in current
2013-03-21 11:21:07 Activity: in current
2013-03-21 11:21:11 Activity: in current
2013-03-21 11:21:13 Activity: in current
2013-03-21 11:21:24 Activity: in current
2013-03-21 11:21:24 Activity: in current
2013-03-21 11:21:29 Activity: in current
2013-03-21 11:21:34 Activity: in current
2013-03-21 11:21:34 Activity: in current
2013-03-21 11:21:36 Activity: in current
2013-03-21 11:23:16 Activity: in current
2013-03-21 11:23:18 Activity: in current
2013-03-21 11:23:19 Activity: in current
2013-03-21 11:23:27 Activity: in current
2013-03-21 11:23:31 Activity: in current
2013-03-21 11:23:44 Activity: in current
2013-03-21 11:23:44 Activity: in current
2013-03-21 11:24:23 Activity: in current
2013-03-21 11:24:25 Activity: in current
2013-03-21 11:24:50 Activity: in current
2013-03-21 13:49:44 Activity: in current
2013-03-21 13:49:59 Activity: in current
2013-03-21 13:50:01 Activity: in current
2013-03-21 13:50:05 Activity: in current
2013-03-23 14:07:17 Activity: in current
2013-03-24 03:24:38 Activity: in current
2013-03-24 03:27:07 Activity: in current
2013-03-24 03:28:53 Activity: in current
2013-03-24 03:29:09 Activity: in current
2013-03-24 03:29:25 Activity: in current
2013-03-24 03:29:34 Activity: in current
2013-03-24 03:29:47 Activity: in current
2013-03-24 03:34:21 Activity: in current
2013-03-24 03:38:46 Activity: in current
2013-03-24 03:39:07 Activity: in current
2013-03-24 03:40:23 Activity: in current
2013-03-24 03:40:25 Activity: in current
2013-03-24 03:41:01 Activity: in current
2013-03-24 05:26:57 Activity: in current
2013-03-24 05:27:35 Activity: in current
2013-03-24 05:27:37 Activity: in current
2013-03-24 05:27:58 Activity: in current
2013-03-24 05:28:58 Activity: in current
2013-03-24 05:29:38 Activity: in current
2013-03-24 05:46:52 Activity: in current
2013-03-24 05:48:08 Activity: in current
2013-03-24 06:12:34 Activity: in current
2013-03-24 06:12:36 Activity: in current
2013-03-24 06:14:25 Activity: in current
2013-03-24 06:14:48 Activity: in current
2013-03-24 06:17:06 Activity: in current
2013-03-24 06:17:26 Activity: in current
2013-03-24 06:17:34 Activity: in current
2013-03-24 06:17:36 Activity: in current
2013-03-24 06:17:56 Activity: in current
2013-03-24 06:18:16 Activity: in current
2013-03-24 06:18:24 Activity: in current
2013-03-24 06:18:44 Activity: in current
2013-03-24 06:31:46 Activity: in current
2013-03-24 06:34:21 Activity: in current
2013-03-24 06:34:23 Activity: in current
2013-03-24 06:36:11 Activity: in current
2013-03-24 06:36:20 Activity: in current
2013-03-24 06:36:37 Activity: in current
2013-03-24 06:37:53 Activity: in current
2013-03-24 06:53:39 Activity: in current
2013-03-24 06:53:49 Activity: in current
2013-03-24 07:45:27 Activity: in current
2013-03-24 07:53:07 Activity: in current
2013-03-24 07:53:28 Activity: in current
2013-03-24 07:54:28 Activity: in current
2013-03-24 07:54:32 Activity: in current
2013-03-24 07:54:36 Activity: in current
2013-03-24 07:55:17 Activity: in current
2013-03-24 07:55:23 Activity: in current
2013-03-24 07:55:53 Activity: in current
2013-03-24 12:51:34 Activity: in current
2013-03-24 12:52:52 Activity: in current
2013-03-24 12:53:16 Activity: in current
2013-03-24 12:53:25 Activity: in current
2013-03-24 12:53:34 Activity: in current
2013-03-24 12:53:37 Activity: in current
2013-03-24 12:54:54 Activity: in current
2013-03-24 12:55:21 Activity: in current
2013-03-24 13:01:22 Activity: in current
2013-03-24 13:01:52 Activity: in current
2013-03-24 13:02:01 Activity: in current
2013-03-24 13:02:32 Activity: in current
2013-03-24 13:02:34 Activity: in current
2013-03-24 13:02:37 Activity: in current
2013-03-24 13:02:39 Activity: in current
2013-03-24 13:02:41 Activity: in current
2013-03-24 13:02:43 Activity: in current
2013-03-24 13:02:46 Activity: in current
2013-03-24 13:02:58 Activity: in current
2013-03-24 13:05:44 Activity: in current
2013-03-24 13:05:45 Activity: in current
2013-03-24 13:05:51 Activity: in current
2013-03-24 13:05:52 Activity: in current
2013-03-24 13:05:55 Activity: in current
2013-03-24 13:06:14 Activity: in current
2013-03-24 13:06:16 Activity: in current
2013-03-25 11:15:12 Activity: in current
2013-03-25 11:15:16 Activity: in current
2013-03-25 11:21:13 Activity: in current
2013-03-25 11:21:13 Activity: in current
2013-03-25 11:21:13 Activity: in current
2013-03-25 11:21:30 Activity: in current
2013-03-25 11:21:30 Activity: in current
2013-03-25 11:23:05 Activity: in current
2013-03-25 11:23:05 Activity: in current
2013-03-25 11:25:57 Activity: in current
2013-03-25 11:25:57 Activity: in current
2013-03-25 11:56:13 Activity: in current
2013-03-25 11:57:51 Activity: in current
2013-03-25 11:57:55 Activity: in current
2013-03-25 11:57:55 Activity: in current
2013-03-25 12:10:12 Activity: in current
2013-03-25 12:10:12 Activity: in current
2013-03-25 12:10:29 Activity: in current
2013-03-25 12:10:29 Activity: in current
2013-03-25 12:11:35 Activity: in current
2013-03-25 12:11:35 Activity: in current
2013-03-25 12:13:38 Activity: in current
2013-03-25 12:13:38 Activity: in current
2013-03-25 12:14:31 Activity: in current
2013-03-25 12:14:32 Activity: in current
2013-03-25 12:15:08 Activity: in current
2013-03-25 12:15:08 Activity: in current
2013-03-25 12:16:04 Activity: in current
2013-03-25 12:16:04 Activity: in current
2013-03-25 12:16:31 Activity: in current
2013-03-25 12:16:31 Activity: in current
2013-03-25 12:17:33 Activity: in current
2013-03-25 12:17:33 Activity: in current
2013-03-25 12:17:41 Activity: in current
2013-03-25 12:17:41 Activity: in current
2013-03-25 12:18:30 Activity: in current
2013-03-25 12:18:30 Activity: in current
2013-03-25 12:18:42 Activity: in current
2013-03-25 12:18:42 Activity: in current
2013-03-25 12:19:14 Activity: in current
2013-03-25 12:19:14 Activity: in current
2013-03-25 12:19:19 Activity: in current
2013-03-25 12:19:19 Activity: in current
2013-03-25 12:19:20 Activity: in current
2013-03-25 12:19:22 Activity: in current
2013-03-25 12:19:22 Activity: in current
2013-03-25 12:19:24 Activity: in current
2013-03-25 12:34:50 Activity: in current
2013-03-25 12:50:36 Activity: in current
2013-03-25 12:50:40 Activity: in current
2013-03-25 13:03:20 Activity: in current
2013-03-25 13:03:29 Activity: in current
2013-03-25 13:03:32 Activity: in current
2013-03-25 13:03:35 Activity: in current
2013-03-25 13:03:36 Activity: in current
2013-03-25 13:03:41 Activity: in current
2013-03-25 13:49:47 Activity: in current
2013-03-25 13:49:48 Activity: in current
2013-03-25 14:27:34 Activity: in current
2013-03-25 14:33:06 Activity: in current
2013-03-25 14:34:39 Activity: in current
2013-03-25 14:35:07 Activity: in current
2013-03-25 14:35:33 Activity: in current
2013-03-25 14:43:11 Activity: in current
2013-03-25 14:43:30 Activity: in current
2013-03-25 14:43:58 Activity: in current
2013-03-26 00:44:46 Activity: in current
2013-03-26 00:44:56 Activity: in current
2013-03-26 00:44:57 Activity: in current
2013-03-26 00:47:08 Activity: in current
2013-03-26 00:47:14 Activity: in current
2013-03-26 01:01:20 Activity: in current
2013-03-26 01:01:52 Activity: in current
2013-03-26 01:02:04 Activity: in current
2013-03-26 01:02:38 Activity: in current
2013-03-26 01:04:40 Activity: in current
2013-03-26 01:07:14 Activity: in current
2013-03-26 01:07:39 Activity: in current
2013-03-26 01:21:58 Activity: in current
2013-03-26 01:22:09 Activity: isAuthorized: true
2013-03-26 01:22:50 Activity: in current
2013-03-26 01:22:54 Activity: isAuthorized: true
2013-03-26 01:25:30 Activity: in current
2013-03-26 01:25:37 Activity: in current
2013-03-26 01:25:46 Activity: in current
2013-03-26 01:25:47 Activity: in current
2013-03-26 01:25:56 Activity: in current
2013-03-26 12:45:27 Activity: in current
2013-03-26 12:45:39 Activity: in current
2013-03-26 13:04:42 Activity: in current
2013-03-26 13:10:36 Activity: in current
2013-03-26 13:10:37 Activity: in current
2013-03-26 13:20:15 Activity: in current
2013-03-26 13:33:16 Activity: in current
2013-03-26 13:34:21 Activity: in current
2013-03-26 13:35:44 Activity: in current
2013-03-26 13:36:56 Activity: in current
2013-03-26 13:36:58 Activity: in current
2013-03-26 13:37:10 Activity: in current
2013-03-26 13:37:22 Activity: in current
2013-03-26 13:48:15 Activity: in current
2013-03-26 13:50:27 Activity: in current
2013-03-26 13:52:17 Activity: in current
2013-03-26 13:52:18 Activity: in current
2013-03-26 13:52:47 Activity: in current
2013-03-26 13:53:34 Activity: in current
2013-03-26 13:53:42 Activity: in current
2013-03-26 13:54:35 Activity: in current
2013-03-26 13:55:26 Activity: in current
2013-03-26 13:56:08 Activity: in current
2013-03-26 13:56:34 Activity: in current
2013-03-26 13:56:48 Activity: in current
2013-03-26 13:57:05 Activity: in current
2013-03-26 13:57:16 Activity: in current
2013-03-26 13:57:34 Activity: in current
2013-03-26 14:02:11 Activity: in current
2013-03-26 14:10:51 Activity: in current
2013-03-26 14:11:26 Activity: in current
2013-03-26 14:11:39 Activity: in current
2013-03-26 14:14:57 Activity: in current
2013-03-26 14:15:11 Activity: in current
2013-03-26 14:15:47 Activity: in current
2013-03-26 14:15:49 Activity: in current
2013-03-26 14:17:05 Activity: in current
2013-03-26 14:20:19 Activity: in current
2013-03-26 14:23:57 Activity: in current
2013-03-26 14:28:02 Activity: in current
2013-03-26 14:29:22 Activity: in current
2013-03-26 14:30:27 Activity: in current
2013-03-26 14:31:59 Activity: in current
2013-03-26 14:34:18 Activity: in current
2013-03-26 14:35:57 Activity: in current
2013-03-26 14:42:51 Activity: in current
2013-03-26 14:43:09 Activity: in current
2013-03-26 14:43:34 Activity: in current
2013-03-26 14:43:53 Activity: in current
2013-03-26 14:44:54 Activity: in current
2013-03-26 14:45:09 Activity: in current
2013-03-26 14:47:05 Activity: in current
2013-03-26 14:47:42 Activity: in current
2013-03-26 14:48:36 Activity: in current
2013-03-26 14:53:55 Activity: in current
2013-03-26 14:54:13 Activity: in current
2013-03-26 14:54:34 Activity: in current
2013-03-26 14:55:00 Activity: in current
2013-03-26 14:55:19 Activity: in current
2013-03-26 14:55:28 Activity: in current
2013-03-26 14:55:52 Activity: in current
2013-03-26 14:56:21 Activity: in current
2013-03-26 14:56:27 Activity: in current
2013-03-26 14:56:35 Activity: in current
2013-03-26 14:57:47 Activity: in current
2013-03-26 14:57:56 Activity: in current
2013-03-26 14:58:12 Activity: in current
2013-03-26 14:59:06 Activity: in current
2013-03-26 14:59:19 Activity: in current
2013-03-26 15:05:23 Activity: in current
2013-03-26 15:06:48 Activity: in current
2013-03-26 15:07:40 Activity: in current
2013-03-27 00:51:50 Activity: in current
2013-03-27 00:56:11 Activity: in current
2013-03-27 00:56:21 Activity: in current
2013-03-27 00:57:27 Activity: in current
2013-03-27 00:57:34 Activity: in current
2013-03-27 00:57:50 Activity: in current
2013-03-27 00:58:29 Activity: in current
2013-03-27 01:04:23 Activity: in current
2013-03-27 01:04:44 Activity: in current
2013-03-27 01:05:16 Activity: in current
2013-03-27 01:05:53 Activity: in current
2013-03-27 01:07:16 Activity: in current
2013-03-27 01:07:40 Activity: in current
2013-03-27 01:08:04 Activity: in current
2013-03-27 01:08:32 Activity: in current
2013-03-27 01:08:37 Activity: in current
2013-03-27 01:09:06 Activity: in current
2013-03-27 01:11:32 Activity: in current
2013-03-27 01:13:08 Activity: in current
2013-03-27 01:13:37 Activity: in current
2013-03-27 01:14:13 Activity: in current
2013-03-27 01:27:31 Activity: in current
2013-03-27 01:28:10 Activity: in current
2013-03-27 01:31:29 Activity: in current
2013-03-27 01:40:33 Activity: in current
2013-03-27 01:40:36 Activity: in current
2013-03-27 01:40:58 Activity: in current
2013-03-27 01:45:26 Activity: in current
2013-03-27 01:45:48 Activity: in current
2013-03-27 01:46:46 Activity: in current
2013-03-27 01:46:53 Activity: in current
2013-03-30 01:35:45 Activity: in current
2013-03-30 01:36:05 Activity: in current
2013-03-30 01:36:07 Activity: in current
2013-03-30 01:57:47 Activity: in current
2013-03-30 02:05:54 Activity: in current
2013-03-30 02:05:58 Activity: in current
2013-03-30 02:08:01 Activity: in current
2013-03-30 02:08:13 Activity: in current
2013-03-30 02:11:32 Activity: in current
2013-03-30 02:13:40 Activity: in current
2013-03-30 02:15:10 Activity: in current
2013-03-30 02:19:09 Activity: in current
2013-03-30 02:20:02 Activity: in current
2013-03-30 02:20:03 Activity: in current
2013-03-30 02:20:25 Activity: in current
2013-03-31 01:05:03 Activity: in current
2013-04-04 02:58:50 Activity: in current
2013-04-04 03:15:13 Activity: in current
2013-04-04 03:18:23 Activity: in current
2013-04-04 03:22:55 Activity: in current
2013-04-04 03:23:58 Activity: in current
2013-04-05 14:08:37 Activity: in current
2013-04-05 14:08:43 Activity: in current
2013-04-06 03:46:40 Activity: in current
2013-04-07 14:55:25 Activity: in current
2013-04-08 09:30:01 Activity: in current
2013-04-11 23:16:51 Activity: in current
2013-04-11 23:16:58 Activity: in current
2013-04-11 23:22:38 Activity: in current
2013-04-11 23:22:38 Activity: in current
2013-04-11 23:22:42 Activity: in current
2013-04-13 04:01:38 Activity: in current
2013-04-13 04:01:42 Activity: in current
2013-04-14 08:09:33 Activity: in current
2013-04-14 08:09:37 Activity: in current
2013-04-27 02:32:19 Activity: in current
2013-04-27 02:35:20 Activity: in current
2013-04-27 15:03:19 Activity: in current
2013-04-27 15:03:22 Activity: in current
2013-04-27 15:04:16 Activity: in current
2013-04-27 23:04:02 Activity: in current
2013-04-27 23:26:05 Activity: in current
2013-04-27 23:31:47 Activity: in current
2013-04-27 23:31:50 Activity: in current
2013-04-27 23:41:51 Activity: in current
2013-04-27 23:46:35 Activity: in current
2013-04-27 23:49:09 Activity: in current
2013-04-27 23:49:49 Activity: in current
2013-04-27 23:50:55 Activity: in current
2013-04-27 23:51:24 Activity: in current
2013-04-27 23:53:02 Activity: in current
2013-04-28 00:27:11 Activity: in current
2013-04-28 00:27:58 Activity: in current
2013-04-28 00:28:47 Activity: in current
2013-04-28 00:29:29 Activity: in current
2013-04-28 00:38:21 Activity: in current
2013-04-28 00:38:33 Activity: in current
2013-04-28 00:38:34 Activity: in current
2013-04-28 00:38:37 Activity: in current
2013-04-28 01:07:31 Activity: isAuthorized: true
2013-04-28 01:15:10 Activity: isAuthorized: true
2013-04-28 01:18:58 Activity: isAuthorized: true
2013-04-28 01:22:39 Activity: isAuthorized: true
2013-04-28 01:22:56 Activity: isAuthorized: true
2013-04-28 01:29:07 Activity: in current
2013-04-28 01:29:11 Activity: in current
2013-04-28 01:29:23 Activity: in current
2013-04-28 01:29:26 Activity: isAuthorized: true
2013-04-28 01:29:26 Activity: in current
2013-04-28 01:31:30 Activity: isAuthorized: true
2013-04-28 01:33:09 Activity: isAuthorized: true
2013-04-28 01:34:52 Activity: isAuthorized: true
2013-04-28 01:37:36 Activity: isAuthorized: true
2013-04-28 01:40:10 Activity: isAuthorized: true
2013-04-28 01:41:38 Activity: isAuthorized: true
2013-04-28 01:42:53 Activity: isAuthorized: true
2013-04-28 01:44:03 Activity: isAuthorized: true
2013-04-28 01:44:12 Activity: isAuthorized: true
2013-04-28 01:46:01 Activity: isAuthorized: true
2013-04-28 01:46:33 Activity: isAuthorized: true
2013-04-28 01:49:43 Activity: isAuthorized: true
2013-04-28 01:51:43 Activity: isAuthorized: true
2013-04-28 01:54:30 Activity: isAuthorized: true
2013-04-28 01:56:00 Activity: isAuthorized: true
2013-04-28 01:57:36 Activity: isAuthorized: true
2013-04-28 01:58:34 Activity: isAuthorized: true
2013-04-28 01:59:48 Activity: isAuthorized: true
2013-04-28 02:00:51 Activity: isAuthorized: true
2013-04-28 02:02:26 Activity: isAuthorized: true
2013-04-28 02:19:07 Activity: in current
2013-04-28 02:19:13 Activity: in current
2013-04-28 02:19:15 Activity: in current
2013-04-28 02:19:19 Activity: isAuthorized: true
2013-04-28 02:19:19 Activity: add now
2013-04-28 02:19:20 Activity: in current
2013-04-28 02:19:33 Activity: in current
2013-04-28 02:19:51 Activity: in current
2013-04-28 02:19:57 Activity: in current
2013-04-28 02:20:02 Activity: in current
2013-04-28 02:20:04 Activity: in current
2013-04-28 02:20:31 Activity: in current
2013-04-28 02:20:32 Activity: in current
2013-04-28 02:20:34 Activity: in current
2013-04-28 02:20:34 Activity: in current
2013-04-28 02:20:37 Activity: in current
2013-04-28 02:20:39 Activity: in current
2013-04-28 02:29:58 Activity: isAuthorized: true
2013-04-28 02:30:06 Activity: in current
2013-04-28 02:30:08 Activity: in current
2013-04-28 02:34:28 Activity: in current
2013-04-28 02:36:43 Activity: in current
2013-04-28 02:36:47 Activity: in current
2013-04-28 02:36:54 Activity: in current
2013-04-28 02:38:30 Activity: in current
2013-04-28 02:38:31 Activity: isAuthorized: true
2013-04-28 02:39:03 Activity: in current
2013-04-28 02:39:04 Activity: in current
2013-04-28 02:39:31 Activity: isAuthorized: true
2013-04-28 02:39:31 Activity: isAuthorized: true
2013-04-28 02:39:36 Activity: in current
2013-04-28 02:39:52 Activity: isAuthorized: true
2013-04-28 02:39:55 Activity: in current
2013-04-28 03:30:36 Activity: in current
2013-04-28 03:30:36 Activity: in current
2013-04-28 03:30:37 Activity: in current
2013-04-28 03:46:49 Activity: in current
2013-04-28 03:46:56 Activity: isAuthorized: true
2013-04-28 04:20:11 Activity: in current
2013-04-28 04:21:32 Activity: in current
2013-04-28 04:21:44 Activity: in current
2013-04-28 04:21:46 Activity: in current
2013-04-28 04:21:48 Activity: in current
2013-04-28 04:21:49 Activity: in current
2013-04-28 04:21:50 Activity: in current
2013-04-28 04:21:52 Activity: in current
2013-04-28 04:22:04 Activity: in current
2013-04-28 04:23:39 Activity: in current
2013-04-28 04:24:01 Activity: in current
2013-04-28 04:24:01 Activity: in current
2013-04-28 04:24:20 Activity: isAuthorized: true
2013-04-28 04:24:26 Activity: isAuthorized: true
2013-04-28 04:24:26 Activity: isAuthorized: true
2013-04-28 04:24:35 Activity: isAuthorized: true
2013-04-28 04:24:35 Activity: isAuthorized: true
2013-04-28 04:24:35 Activity: isAuthorized: true
2013-04-28 04:25:20 Activity: in current
2013-04-28 04:25:27 Activity: isAuthorized: true
2013-04-28 04:26:02 Activity: isAuthorized: true
2013-04-28 04:33:28 Activity: in current
2013-04-28 04:33:31 Activity: in current
2013-04-28 04:46:21 Activity: in current
2013-04-28 04:46:22 Activity: in current
2013-04-28 04:46:25 Activity: in current
2013-04-28 04:46:31 Activity: isAuthorized: true
2013-04-28 04:46:43 Activity: isAuthorized: true
2013-04-28 04:46:58 Activity: isAuthorized: true
2013-04-28 04:49:49 Activity: in current
2013-04-28 04:49:51 Activity: in current
2013-04-28 04:54:55 Activity: in current
2013-04-28 04:54:58 Activity: in current
2013-04-28 04:55:19 Activity: in current
2013-04-28 04:55:21 Activity: in current
2013-04-28 05:14:08 Activity: in current
2013-04-28 05:14:09 Activity: in current
2013-04-28 05:16:01 Activity: in current
2013-04-28 05:16:02 Activity: in current
2013-04-28 05:18:35 Activity: in current
2013-04-28 05:18:36 Activity: in current
2013-04-28 05:19:24 Activity: in current
2013-04-28 05:19:25 Activity: in current
2013-04-28 05:19:40 Activity: in current
2013-04-28 05:19:46 Activity: in current
2013-04-28 05:19:56 Activity: in current
2013-04-28 05:19:58 Activity: in current
2013-04-28 05:20:00 Activity: in current
2013-04-28 05:21:18 Activity: in current
2013-04-28 05:21:30 Activity: in current
2013-04-28 05:21:31 Activity: in current
2013-04-28 05:21:31 Activity: in current
2013-04-28 05:21:48 Activity: in current
2013-04-28 05:22:09 Activity: in current
2013-04-28 05:22:35 Activity: in current
2013-04-28 05:22:41 Activity: in current
2013-04-28 05:23:33 Activity: in current
2013-04-28 05:23:35 Activity: in current
2013-04-28 05:24:04 Activity: in current
2013-04-28 05:24:06 Activity: in current
2013-04-28 05:24:24 Activity: in current
2013-04-28 05:24:26 Activity: in current
2013-04-28 05:31:11 Activity: isAuthorized: true
2013-04-28 05:31:11 Activity: in current
2013-04-28 05:31:14 Activity: in current
2013-04-28 05:31:24 Activity: in current
2013-04-28 05:31:31 Activity: in current
2013-04-28 05:31:34 Activity: in current
2013-04-28 05:46:11 Activity: in current
2013-04-28 05:46:12 Activity: in current
2013-04-28 06:21:19 Activity: in current
2013-04-28 06:21:22 Activity: in current
2013-04-28 06:22:05 Activity: in current
2013-04-28 06:30:55 Activity: isAuthorized: true
2013-04-28 07:14:23 Activity: in current
2013-04-28 07:14:37 Activity: in current
2013-04-28 07:15:07 Activity: in current
2013-04-28 07:15:21 Activity: in current
2013-04-28 07:15:22 Activity: in current
2013-04-28 07:15:30 Activity: in current
2013-04-28 07:15:33 Activity: in current
2013-04-28 07:15:43 Activity: isAuthorized: true
2013-04-28 07:15:43 Activity: in current
2013-04-28 07:15:45 Activity: in current
2013-04-28 07:16:08 Activity: isAuthorized: true
2013-04-28 07:16:08 Activity: in current
2013-04-28 07:16:18 Activity: in current
2013-04-28 07:16:19 Activity: in current
2013-04-28 07:17:14 Activity: isAuthorized: true
2013-04-28 07:17:14 Activity: isAuthorized: true
2013-04-28 07:17:26 Activity: in current
2013-04-28 07:17:36 Activity: isAuthorized: true
2013-04-28 07:17:39 Activity: in current
2013-04-28 07:17:52 Activity: in current
2013-04-28 07:17:53 Activity: in current
2013-04-28 07:18:07 Activity: in current
2013-04-28 07:18:08 Activity: in current
2013-04-28 07:18:10 Activity: in current
2013-04-28 07:18:21 Activity: in current
2013-04-28 07:18:46 Activity: in current
2013-04-28 07:18:46 Activity: in current
2013-04-28 07:19:06 Activity: in current
2013-04-28 07:19:09 Activity: in current
2013-04-28 07:19:25 Activity: isAuthorized: true
2013-04-28 07:19:37 Activity: in current
2013-04-28 07:19:49 Activity: in current
2013-04-28 07:19:53 Activity: in current
2013-04-28 07:20:04 Activity: in current
2013-04-28 07:20:20 Activity: in current
2013-04-28 07:20:21 Activity: in current
2013-04-28 07:20:22 Activity: in current
2013-04-28 07:20:46 Activity: in current
2013-04-28 07:20:46 Activity: in current
2013-04-28 07:21:12 Activity: in current
2013-04-28 07:23:45 Activity: in current
2013-04-28 07:27:15 Activity: in current
2013-04-28 07:39:28 Activity: in current
2013-04-28 07:39:34 Activity: in current
2013-04-28 07:40:35 Activity: in current
2013-05-20 03:24:48 Activity: in current
2013-05-20 03:25:00 Activity: in current
2013-05-20 03:25:33 Activity: in current
2013-05-20 03:25:34 Activity: in current
2013-05-20 03:25:37 Activity: in current
2013-05-20 03:25:39 Activity: in current
2013-05-20 03:28:04 Activity: in current
2013-05-20 03:32:48 Activity: in current
2013-05-20 04:26:23 Activity: in current
2013-06-01 14:26:42 Activity: in current
2013-06-01 14:49:35 Activity: in current
